<?xml version="1.0" encoding="UTF-8"?>
<!-- Generated by org.testng.reporters.JUnitReportReporter -->
<testsuite skipped="0" hostname="hiran-PC" name="api.ApiTesting" tests="4" failures="0" timestamp="02 Nov 2020 03:36:36 GMT" time="6.123" errors="0">
  <testcase name="getbody" time="0.255" classname="api.ApiTesting"/>
  <testcase name="largo" time="0.229" classname="api.ApiTesting"/>
  <testcase name="corto" time="5.380" classname="api.ApiTesting"/>
  <testcase name="testResponsecode" time="0.259" classname="api.ApiTesting"/>
</testsuite> <!-- api.ApiTesting -->
