<?xml version="1.0" encoding="UTF-8"?>
<!-- Generated by org.testng.reporters.JUnitReportReporter -->
<testsuite skipped="0" hostname="hiran-PC" name="yesNoApi.ApiTesting" tests="2" failures="0" timestamp="20 Aug 2019 12:21:47 GMT" time="5.966" errors="0">
  <testcase name="testResponsecode" time="0.314" classname="yesNoApi.ApiTesting"/>
  <testcase name="getbody" time="5.652" classname="yesNoApi.ApiTesting"/>
</testsuite> <!-- yesNoApi.ApiTesting -->
