<?xml version="1.0" encoding="UTF-8"?>
<!-- Generated by org.testng.reporters.JUnitReportReporter -->
<testsuite skipped="0" hostname="hiran-PC" name="api.apiSimulador" tests="4" failures="0" timestamp="02 Nov 2020 03:13:09 GMT" time="6.503" errors="0">
  <testcase name="getbody" time="0.266" classname="api.apiSimulador"/>
  <testcase name="largo" time="0.268" classname="api.apiSimulador"/>
  <testcase name="corto" time="5.695" classname="api.apiSimulador"/>
  <testcase name="testResponsecode" time="0.274" classname="api.apiSimulador"/>
</testsuite> <!-- api.apiSimulador -->
