<?xml version="1.0" encoding="UTF-8"?>
<!-- Generated by org.testng.reporters.JUnitReportReporter -->
<testsuite skipped="0" hostname="hiran-PC" name="api.ApiTesting" tests="4" failures="0" timestamp="20 Aug 2019 15:41:57 GMT" time="10.688" errors="0">
  <testcase name="corto" time="9.623" classname="api.ApiTesting"/>
  <testcase name="getbody" time="0.341" classname="api.ApiTesting"/>
  <testcase name="largo" time="0.371" classname="api.ApiTesting"/>
  <testcase name="testResponsecode" time="0.353" classname="api.ApiTesting"/>
</testsuite> <!-- api.ApiTesting -->
