<?xml version="1.0" encoding="UTF-8"?>
<!-- Generated by org.testng.reporters.JUnitReportReporter -->
<testsuite skipped="0" hostname="hiran-PC" name="api.ApiTesting" tests="4" failures="0" timestamp="01 Nov 2020 23:58:24 GMT" time="10.803" errors="0">
  <testcase name="largo" time="0.931" classname="api.ApiTesting"/>
  <testcase name="corto" time="8.042" classname="api.ApiTesting"/>
  <testcase name="getbody" time="0.937" classname="api.ApiTesting"/>
  <testcase name="testResponsecode" time="0.893" classname="api.ApiTesting"/>
</testsuite> <!-- api.ApiTesting -->
